<?xml version="1.0" encoding="UTF-8"?>
<!-- Generated by org.testng.reporters.JUnitReportReporter -->
<testsuite hostname="REDDY" failures="0" tests="8" name="TestNG.ParallelTests" time="18.267" errors="0" timestamp="2023-09-24T17:46:32 IST" skipped="0">
  <testcase classname="TestNG.ParallelTests" name="loginApplication" time="4.952">
    <system-out>
      <![CDATA[Login Completed]]>
    </system-out>
  </testcase> <!-- loginApplication -->
  <testcase classname="TestNG.ParallelTests" name="loginApplication" time="4.638">
    <system-out>
      <![CDATA[Login Completed]]>
    </system-out>
  </testcase> <!-- loginApplication -->
  <testcase classname="TestNG.ParallelTests" name="enterFrame" time="0.065">
    <system-out>
      <![CDATA[Enter the Frame]]>
    </system-out>
  </testcase> <!-- enterFrame -->
  <testcase classname="TestNG.ParallelTests" name="enterFrame" time="0.035">
    <system-out>
      <![CDATA[Enter the Frame]]>
    </system-out>
  </testcase> <!-- enterFrame -->
  <testcase classname="TestNG.ParallelTests" name="addEmployee" time="5.289">
    <system-out>
      <![CDATA[Add Employee completed]]>
    </system-out>
  </testcase> <!-- addEmployee -->
  <testcase classname="TestNG.ParallelTests" name="addEmployee" time="3.275">
    <system-out>
      <![CDATA[Add Employee completed]]>
    </system-out>
  </testcase> <!-- addEmployee -->
  <testcase classname="TestNG.ParallelTests" name="exitFrame" time="0.005">
    <system-out>
      <![CDATA[Exit The Frame]]>
    </system-out>
  </testcase> <!-- exitFrame -->
  <testcase classname="TestNG.ParallelTests" name="exitFrame" time="0.008">
    <system-out>
      <![CDATA[Exit The Frame]]>
    </system-out>
  </testcase> <!-- exitFrame -->
  <system-out>
    <![CDATA[Application Opened
Application Opened
Login Completed
Enter the Frame
Login Completed
Enter the Frame
Add Employee completed
Exit The Frame
Add Employee completed
Exit The Frame]]>
  </system-out>
</testsuite> <!-- TestNG.ParallelTests -->
