<?xml version="1.0" encoding="UTF-8"?>
<!-- Generated by org.testng.reporters.JUnitReportReporter -->
<testsuite hostname="REDDY" failures="0" tests="3" name="TestNG.Dataprovider" time="16.752" errors="0" timestamp="2023-09-24T18:38:30 IST" skipped="0">
  <testcase classname="TestNG.Dataprovider" name="login" time="8.788">
    <system-out>
      <![CDATA[Login Completed]]>
    </system-out>
  </testcase> <!-- login -->
  <testcase classname="TestNG.Dataprovider" name="login" time="7.884">
    <system-out>
      <![CDATA[Login Completed]]>
    </system-out>
  </testcase> <!-- login -->
  <testcase classname="TestNG.Dataprovider" name="logout" time="0.080">
    <system-out>
      <![CDATA[Logout Completed]]>
    </system-out>
  </testcase> <!-- logout -->
  <system-out>
    <![CDATA[Login Completed
Login Completed
Logout Completed]]>
  </system-out>
</testsuite> <!-- TestNG.Dataprovider -->
