<?xml version="1.0" encoding="UTF-8"?>
<!-- Generated by org.testng.reporters.JUnitReportReporter -->
<testsuite hostname="REDDY" failures="0" tests="12" name="TestNG.InvocationCount" time="0.046" errors="0" timestamp="2023-09-23T22:10:02 IST" skipped="0">
  <testcase classname="TestNG.InvocationCount" name="launchBrowser" time="0.014"/>
  <testcase classname="TestNG.InvocationCount" name="launchBrowser" time="0.003"/>
  <testcase classname="TestNG.InvocationCount" name="launchBrowser" time="0.004"/>
  <testcase classname="TestNG.InvocationCount" name="launchBrowser" time="0.006"/>
  <testcase classname="TestNG.InvocationCount" name="openApplication" time="0.002"/>
  <testcase classname="TestNG.InvocationCount" name="loginInToApplication" time="0.003"/>
  <testcase classname="TestNG.InvocationCount" name="loginInToApplication" time="0.002"/>
  <testcase classname="TestNG.InvocationCount" name="loginInToApplication" time="0.001"/>
  <testcase classname="TestNG.InvocationCount" name="loginInToApplication" time="0.002"/>
  <testcase classname="TestNG.InvocationCount" name="loginInToApplication" time="0.003"/>
  <testcase classname="TestNG.InvocationCount" name="loginInToApplication" time="0.005"/>
  <testcase classname="TestNG.InvocationCount" name="searchProduct" time="0.001"/>
</testsuite> <!-- TestNG.InvocationCount -->
