<?xml version="1.0" encoding="UTF-8"?>
<!-- Generated by org.testng.reporters.JUnitReportReporter -->
<testsuite hostname="REDDY" failures="0" tests="3" name="TestNG.BasicProgram" time="0.029" errors="0" timestamp="2023-09-23T20:54:25 IST" skipped="0">
  <testcase classname="TestNG.BasicProgram" name="abcd" time="0.002">
    <system-out>
      <![CDATA[ABCD printing]]>
    </system-out>
  </testcase> <!-- abcd -->
  <testcase classname="TestNG.BasicProgram" name="xyz" time="0.004">
    <system-out>
      <![CDATA[XYZ printing]]>
    </system-out>
  </testcase> <!-- xyz -->
  <testcase classname="TestNG.BasicProgram" name="abc" time="0.023">
    <system-out>
      <![CDATA[ABC printing]]>
    </system-out>
  </testcase> <!-- abc -->
  <system-out>
    <![CDATA[ABC printing
ABCD printing
XYZ printing]]>
  </system-out>
</testsuite> <!-- TestNG.BasicProgram -->
