<?xml version="1.0" encoding="UTF-8"?>
<!-- Generated by org.testng.reporters.JUnitReportReporter -->
<testsuite hostname="REDDY" failures="0" tests="1" name="TestNG.Groups" time="0.016" errors="0" timestamp="2023-09-23T23:26:48 IST" skipped="0">
  <testcase classname="TestNG.Groups" name="b" time="0.016">
    <system-out>
      <![CDATA[Smoke & Regression is printing]]>
    </system-out>
  </testcase> <!-- b -->
  <system-out>
    <![CDATA[Smoke & Regression is printing]]>
  </system-out>
</testsuite> <!-- TestNG.Groups -->
