<?xml version="1.0" encoding="UTF-8"?>
<!-- Generated by org.testng.reporters.JUnitReportReporter -->
<testsuite hostname="REDDY" failures="0" tests="7" name="TestNG.Priority" time="0.036" errors="0" timestamp="2023-09-23T21:07:37 IST" skipped="0">
  <testcase classname="TestNG.Priority" name="alluArjun" time="0.019">
    <system-out>
      <![CDATA[ALLU ARJUN]]>
    </system-out>
  </testcase> <!-- alluArjun -->
  <testcase classname="TestNG.Priority" name="ntr" time="0.003">
    <system-out>
      <![CDATA[NTR]]>
    </system-out>
  </testcase> <!-- ntr -->
  <testcase classname="TestNG.Priority" name="charan" time="0.002">
    <system-out>
      <![CDATA[CHARAN]]>
    </system-out>
  </testcase> <!-- charan -->
  <testcase classname="TestNG.Priority" name="jaiBalayya" time="0.004">
    <system-out>
      <![CDATA[BALAYYA]]>
    </system-out>
  </testcase> <!-- jaiBalayya -->
  <testcase classname="TestNG.Priority" name="chiru" time="0.003">
    <system-out>
      <![CDATA[CHIRU]]>
    </system-out>
  </testcase> <!-- chiru -->
  <testcase classname="TestNG.Priority" name="pavanKalyan" time="0.004">
    <system-out>
      <![CDATA[PAVAN KALYAN]]>
    </system-out>
  </testcase> <!-- pavanKalyan -->
  <testcase classname="TestNG.Priority" name="prabhas" time="0.001">
    <system-out>
      <![CDATA[PRABHAS]]>
    </system-out>
  </testcase> <!-- prabhas -->
  <system-out>
    <![CDATA[ALLU ARJUN
NTR
CHARAN
BALAYYA
CHIRU
PAVAN KALYAN
PRABHAS]]>
  </system-out>
</testsuite> <!-- TestNG.Priority -->
